Arguments: 
  C:\Program Files\nodejs\node.exe C:\Program Files\nodejs\node_modules\yarn\bin\yarn.js

PATH: 
  C:\Users\huynh\bin;C:\Program Files\Git\mingw64\bin;C:\Program Files\Git\usr\local\bin;C:\Program Files\Git\usr\bin;C:\Program Files\Git\usr\bin;C:\Program Files\Git\mingw64\bin;C:\Program Files\Git\usr\bin;C:\Users\huynh\bin;C:\xampp\php;C:\WINDOWS\system32;C:\WINDOWS;C:\WINDOWS\System32\Wbem;C:\WINDOWS\System32\WindowsPowerShell\v1.0;C:\WINDOWS\System32\OpenSSH;C:\Program Files\Java\jdk1.8.0_321\bin;C:\Program Files\Azure Data Studio\bin;C:\Program Files\Git\cmd;C:\Users\huynh\AppData\Roaming\nvm;C:\Program Files\nodejs;C:\laragon\bin\php\php-7.4.19-Win32-vc15-x64;C:\ProgramData\ComposerSetup\bin;C:\laragon\bin\php\php-8.1.10-Win32-vs16-x64;C:\xampp\mysql\bin;C:\Program Files\Azure Data Studio\bin;C:\Users\huynh\AppData\Local\Programs\Microsoft VS Code\bin;C:\Program Files\JetBrains\PhpStorm 2022.1.3\bin;C:\Users\huynh\AppData\Roaming\nvm;C:\Program Files\nodejs;C:\Users\huynh\AppData\Roaming\Composer\vendor\bin;C:\Program Files\Git\usr\bin\vendor_perl;C:\Program Files\Git\usr\bin\core_perl

Yarn version: 
  1.22.19

Node version: 
  14.17.0

Platform: 
  win32 x64

Trace: 
  Error: connect EHOSTUNREACH 104.16.24.35:443
      at TCPConnectWrap.afterConnect [as oncomplete] (net.js:1146:16)

npm manifest: 
  {
    "name": "news2",
    "version": "1.0.0",
    "description": "",
    "main": "app.js",
    "scripts": {
      "test": "echo \"Error: no test specified\" && exit 1",
      "start": "nodemon app.js"
    },
    "keywords": [],
    "author": "",
    "license": "ISC",
    "dependencies": {
      "bcryptjs": "^2.4.3",
      "cloudinary": "^1.35.0",
      "connect-flash": "^0.1.1",
      "dotenv": "^16.0.3",
      "ejs": "^3.1.8",
      "express": "^4.18.2",
      "express-session": "^1.17.3",
      "i": "^0.3.7",
      "method-override": "^3.0.0",
      "moment": "^2.29.4",
      "mongoose": "^6.10.0",
      "multer": "^1.4.5-lts.1",
      "multer-storage-cloudinary": "^4.0.0",
      "npm": "^9.5.1"
    },
    "devDependencies": {
      "nodemon": "^2.0.20"
    }
  }

yarn manifest: 
  No manifest

Lockfile: 
  No lockfile
